============================================================
Time  2018/10/29 09:28:16 604 
============================================================
[2018/10/29 09:28:16 605] isr_local  2210 os_type is:  Win64  
[2018/10/29 09:28:16 615] isr_local  2219 SYS_MSG_LOAD_LOCAL  
[2018/10/29 09:28:16 615] isr_local  2224 SYS_MSG_SHUTDOWN_LOCAL  
[2018/10/29 09:28:16 615] isr_local  1228 aitalk service already exit!  
[2018/10/29 09:28:16 615] isr_local  2307 last gc at  1540776496  
============================================================
Time  2018/10/29 09:41:07 822 
============================================================
[2018/10/29 09:41:07 822] isr_local  2210 os_type is:  Win64  
[2018/10/29 09:41:07 839] isr_local  2219 SYS_MSG_LOAD_LOCAL  
[2018/10/29 09:41:07 841] isr_local  2224 SYS_MSG_SHUTDOWN_LOCAL  
[2018/10/29 09:41:07 841] isr_local  1228 aitalk service already exit!  
[2018/10/29 09:41:07 841] isr_local  2307 last gc at  1540777267  
============================================================
Time  2018/10/29 22:39:29 513 
============================================================
[2018/10/29 22:39:29 513] isr_local  2210 os_type is:  Win64  
[2018/10/29 22:39:29 520] isr_local  2219 SYS_MSG_LOAD_LOCAL  
[2018/10/29 22:39:29 520] isr_local  2224 SYS_MSG_SHUTDOWN_LOCAL  
[2018/10/29 22:39:29 522] isr_local  1228 aitalk service already exit!  
[2018/10/29 22:39:29 523] isr_local  2307 last gc at  1540823969  
============================================================
Time  2018/10/29 22:46:57 204 
============================================================
[2018/10/29 22:46:57 207] isr_local  2210 os_type is:  Win64  
[2018/10/29 22:46:57 217] isr_local  2219 SYS_MSG_LOAD_LOCAL  
[2018/10/29 22:46:57 217] isr_local  2224 SYS_MSG_SHUTDOWN_LOCAL  
[2018/10/29 22:46:57 217] isr_local  1228 aitalk service already exit!  
[2018/10/29 22:46:57 217] isr_local  2307 last gc at  1540824417  
============================================================
Time  2018/10/29 22:57:53 279 
============================================================
[2018/10/29 22:57:53 279] isr_local  2210 os_type is:  Win64  
[2018/10/29 22:57:53 295] isr_local  2219 SYS_MSG_LOAD_LOCAL  
[2018/10/29 22:57:53 296] isr_local  2224 SYS_MSG_SHUTDOWN_LOCAL  
[2018/10/29 22:57:53 296] isr_local  1228 aitalk service already exit!  
[2018/10/29 22:57:53 298] isr_local  2307 last gc at  1540825073  
============================================================
Time  2018/10/29 23:08:59 884 
============================================================
[2018/10/29 23:08:59 884] isr_local  2210 os_type is:  Win64  
[2018/10/29 23:08:59 898] isr_local  2219 SYS_MSG_LOAD_LOCAL  
[2018/10/29 23:08:59 898] isr_local  2224 SYS_MSG_SHUTDOWN_LOCAL  
[2018/10/29 23:08:59 898] isr_local  1228 aitalk service already exit!  
[2018/10/29 23:08:59 900] isr_local  2307 last gc at  1540825739  
