============================================================
Time  2018/10/28 21:22:50 855 
============================================================
[2018/10/28 21:22:50 857] lgi        676  SYS_MSG_LOAD  
[2018/10/28 21:22:50 858] lgi        698  SYS_MSG_REGCB  msp_status_cb  func(d54d65e0) 
[2018/10/28 21:22:50 858] lgi        292  LGI_MSG_INIT  
[2018/10/28 21:22:50 859] lgi        299  lgi  lgi_  268436457  1537254036  
[2018/10/28 21:22:50 859] lgi        335  lgi params:  appid = ********  
[2018/10/28 21:22:50 859] lgi        349  auth_time_str=  2018/10/28 21:22:50  
[2018/10/28 21:22:50 859] lgi        355  auth_appid=  ********  
[2018/10/28 21:22:50 864] lgi        380  lgi ivwnet_querying  
[2018/10/28 21:22:50 864] lgi        395  token:  nil  
[2018/10/28 21:22:50 865] lgi        468  msc cver : 5.0.41.1218  
[2018/10/28 21:22:50 865] lgi        511  ns_enable=  1  
[2018/10/28 21:22:50 865] lgi        523  prot_ver=1  
[2018/10/28 21:22:50 865] lgi        534  prot_type=tcp  
[2018/10/28 21:22:50 867] lgi        685  SYS_MSG_UNLOAD  go bg!  
============================================================
Time  2018/10/28 21:23:04 555 
============================================================
[2018/10/28 21:23:04 556] lgi        676  SYS_MSG_LOAD  
[2018/10/28 21:23:04 558] lgi        698  SYS_MSG_REGCB  msp_status_cb  func(894b6ea0) 
[2018/10/28 21:23:04 559] lgi        292  LGI_MSG_INIT  
[2018/10/28 21:23:04 559] lgi        299  lgi  lgi_  268436457  1537254036  
[2018/10/28 21:23:04 559] lgi        335  lgi params:  appid = ********  
[2018/10/28 21:23:04 559] lgi        349  auth_time_str=  2018/10/28 21:23:04  
[2018/10/28 21:23:04 559] lgi        355  auth_appid=  ********  
[2018/10/28 21:23:04 561] lgi        380  lgi ivwnet_querying  
[2018/10/28 21:23:04 561] lgi        395  token:  nil  
[2018/10/28 21:23:04 561] lgi        468  msc cver : 5.0.41.1218  
[2018/10/28 21:23:04 562] lgi        511  ns_enable=  1  
[2018/10/28 21:23:04 562] lgi        523  prot_ver=1  
[2018/10/28 21:23:04 562] lgi        534  prot_type=tcp  
[2018/10/28 21:23:04 565] lgi        685  SYS_MSG_UNLOAD  go bg!  
============================================================
Time  2018/10/28 21:23:26 082 
============================================================
[2018/10/28 21:23:26 082] lgi        676  SYS_MSG_LOAD  
[2018/10/28 21:23:26 085] lgi        698  SYS_MSG_REGCB  msp_status_cb  func(b8046ab0) 
[2018/10/28 21:23:26 085] lgi        292  LGI_MSG_INIT  
[2018/10/28 21:23:26 085] lgi        299  lgi  lgi_  268436457  1537254036  
[2018/10/28 21:23:26 085] lgi        335  lgi params:  appid = ********  
[2018/10/28 21:23:26 085] lgi        349  auth_time_str=  2018/10/28 21:23:26  
[2018/10/28 21:23:26 085] lgi        355  auth_appid=  ********  
[2018/10/28 21:23:26 085] lgi        380  lgi ivwnet_querying  
[2018/10/28 21:23:26 085] lgi        395  token:  nil  
[2018/10/28 21:23:26 086] lgi        468  msc cver : 5.0.41.1218  
[2018/10/28 21:23:26 088] lgi        511  ns_enable=  1  
[2018/10/28 21:23:26 088] lgi        523  prot_ver=1  
[2018/10/28 21:23:26 088] lgi        534  prot_type=tcp  
[2018/10/28 21:23:26 088] lgi        685  SYS_MSG_UNLOAD  go bg!  
============================================================
Time  2018/10/29 09:28:16 453 
============================================================
[2018/10/29 09:28:16 453] lgi        676  SYS_MSG_LOAD  
[2018/10/29 09:28:16 479] lgi        698  SYS_MSG_REGCB  msp_status_cb  func(bdfa5f70) 
[2018/10/29 09:28:16 479] lgi        292  LGI_MSG_INIT  
[2018/10/29 09:28:16 480] lgi        299  lgi  lgi_  268436457  1537254036  
[2018/10/29 09:28:16 480] lgi        335  lgi params:  appid = ********  
[2018/10/29 09:28:16 480] lgi        349  auth_time_str=  2018/10/29 09:28:16  
[2018/10/29 09:28:16 480] lgi        355  auth_appid=  ********  
[2018/10/29 09:28:16 494] lgi        380  lgi ivwnet_querying  
[2018/10/29 09:28:16 494] lgi        395  token:  nil  
[2018/10/29 09:28:16 494] lgi        468  msc cver : 5.0.41.1218  
[2018/10/29 09:28:16 496] lgi        511  ns_enable=  1  
[2018/10/29 09:28:16 496] lgi        523  prot_ver=1  
[2018/10/29 09:28:16 496] lgi        534  prot_type=tcp  
[2018/10/29 09:28:16 496] lgi        685  SYS_MSG_UNLOAD  go bg!  
[2018/10/29 09:28:16 625] lgi        689  SYS_MSG_SHUTDOWN  
============================================================
Time  2018/10/29 09:41:07 684 
============================================================
[2018/10/29 09:41:07 684] lgi        676  SYS_MSG_LOAD  
[2018/10/29 09:41:07 686] lgi        698  SYS_MSG_REGCB  msp_status_cb  func(39366c90) 
[2018/10/29 09:41:07 686] lgi        292  LGI_MSG_INIT  
[2018/10/29 09:41:07 686] lgi        299  lgi  lgi_  268436457  1537254036  
[2018/10/29 09:41:07 687] lgi        335  lgi params:  appid = ********  
[2018/10/29 09:41:07 687] lgi        349  auth_time_str=  2018/10/29 09:41:07  
[2018/10/29 09:41:07 687] lgi        355  auth_appid=  ********  
[2018/10/29 09:41:07 690] lgi        380  lgi ivwnet_querying  
[2018/10/29 09:41:07 690] lgi        395  token:  nil  
[2018/10/29 09:41:07 690] lgi        468  msc cver : 5.0.41.1218  
[2018/10/29 09:41:07 690] lgi        511  ns_enable=  1  
[2018/10/29 09:41:07 690] lgi        523  prot_ver=1  
[2018/10/29 09:41:07 690] lgi        534  prot_type=tcp  
[2018/10/29 09:41:07 691] lgi        685  SYS_MSG_UNLOAD  go bg!  
[2018/10/29 09:41:07 844] lgi        689  SYS_MSG_SHUTDOWN  
============================================================
Time  2018/10/29 22:39:29 427 
============================================================
[2018/10/29 22:39:29 427] lgi        676  SYS_MSG_LOAD  
[2018/10/29 22:39:29 428] lgi        698  SYS_MSG_REGCB  msp_status_cb  func(73016670) 
[2018/10/29 22:39:29 428] lgi        292  LGI_MSG_INIT  
[2018/10/29 22:39:29 430] lgi        299  lgi  lgi_  268436457  1537254036  
[2018/10/29 22:39:29 430] lgi        335  lgi params:  appid = ********  
[2018/10/29 22:39:29 430] lgi        349  auth_time_str=  2018/10/29 22:39:29  
[2018/10/29 22:39:29 430] lgi        355  auth_appid=  ********  
[2018/10/29 22:39:29 430] lgi        380  lgi ivwnet_querying  
[2018/10/29 22:39:29 430] lgi        395  token:  nil  
[2018/10/29 22:39:29 430] lgi        468  msc cver : 5.0.41.1218  
[2018/10/29 22:39:29 430] lgi        511  ns_enable=  1  
[2018/10/29 22:39:29 431] lgi        523  prot_ver=1  
[2018/10/29 22:39:29 431] lgi        534  prot_type=tcp  
[2018/10/29 22:39:29 431] lgi        685  SYS_MSG_UNLOAD  go bg!  
[2018/10/29 22:39:29 540] lgi        689  SYS_MSG_SHUTDOWN  
============================================================
Time  2018/10/29 22:46:57 071 
============================================================
[2018/10/29 22:46:57 072] lgi        676  SYS_MSG_LOAD  
[2018/10/29 22:46:57 072] lgi        698  SYS_MSG_REGCB  msp_status_cb  func(4fba60c0) 
[2018/10/29 22:46:57 073] lgi        292  LGI_MSG_INIT  
[2018/10/29 22:46:57 073] lgi        299  lgi  lgi_  268436457  1537254036  
[2018/10/29 22:46:57 073] lgi        335  lgi params:  appid = ********  
[2018/10/29 22:46:57 073] lgi        349  auth_time_str=  2018/10/29 22:46:57  
[2018/10/29 22:46:57 073] lgi        355  auth_appid=  ********  
[2018/10/29 22:46:57 075] lgi        380  lgi ivwnet_querying  
[2018/10/29 22:46:57 075] lgi        395  token:  nil  
[2018/10/29 22:46:57 075] lgi        468  msc cver : 5.0.41.1218  
[2018/10/29 22:46:57 075] lgi        511  ns_enable=  1  
[2018/10/29 22:46:57 075] lgi        523  prot_ver=1  
[2018/10/29 22:46:57 075] lgi        534  prot_type=tcp  
[2018/10/29 22:46:57 076] lgi        685  SYS_MSG_UNLOAD  go bg!  
[2018/10/29 22:46:57 220] lgi        689  SYS_MSG_SHUTDOWN  
============================================================
Time  2018/10/29 22:57:53 131 
============================================================
[2018/10/29 22:57:53 132] lgi        676  SYS_MSG_LOAD  
[2018/10/29 22:57:53 134] lgi        698  SYS_MSG_REGCB  msp_status_cb  func(3d2963d0) 
[2018/10/29 22:57:53 135] lgi        292  LGI_MSG_INIT  
[2018/10/29 22:57:53 135] lgi        299  lgi  lgi_  268436457  1537254036  
[2018/10/29 22:57:53 135] lgi        335  lgi params:  appid = ********  
[2018/10/29 22:57:53 135] lgi        349  auth_time_str=  2018/10/29 22:57:53  
[2018/10/29 22:57:53 135] lgi        355  auth_appid=  ********  
[2018/10/29 22:57:53 138] lgi        380  lgi ivwnet_querying  
[2018/10/29 22:57:53 138] lgi        395  token:  nil  
[2018/10/29 22:57:53 138] lgi        468  msc cver : 5.0.41.1218  
[2018/10/29 22:57:53 138] lgi        511  ns_enable=  1  
[2018/10/29 22:57:53 138] lgi        523  prot_ver=1  
[2018/10/29 22:57:53 138] lgi        534  prot_type=tcp  
[2018/10/29 22:57:53 138] lgi        685  SYS_MSG_UNLOAD  go bg!  
[2018/10/29 22:57:53 305] lgi        689  SYS_MSG_SHUTDOWN  
============================================================
Time  2018/10/29 23:08:59 716 
============================================================
[2018/10/29 23:08:59 716] lgi        676  SYS_MSG_LOAD  
[2018/10/29 23:08:59 717] lgi        698  SYS_MSG_REGCB  msp_status_cb  func(ed9b6590) 
[2018/10/29 23:08:59 719] lgi        292  LGI_MSG_INIT  
[2018/10/29 23:08:59 719] lgi        299  lgi  lgi_  268436457  1537254036  
[2018/10/29 23:08:59 720] lgi        335  lgi params:  appid = ********  
[2018/10/29 23:08:59 720] lgi        349  auth_time_str=  2018/10/29 23:08:59  
[2018/10/29 23:08:59 720] lgi        355  auth_appid=  ********  
[2018/10/29 23:08:59 733] lgi        380  lgi ivwnet_querying  
[2018/10/29 23:08:59 733] lgi        395  token:  nil  
[2018/10/29 23:08:59 733] lgi        468  msc cver : 5.0.41.1218  
[2018/10/29 23:08:59 733] lgi        511  ns_enable=  1  
[2018/10/29 23:08:59 733] lgi        523  prot_ver=1  
[2018/10/29 23:08:59 736] lgi        534  prot_type=tcp  
[2018/10/29 23:08:59 736] lgi        685  SYS_MSG_UNLOAD  go bg!  
[2018/10/29 23:08:59 904] lgi        689  SYS_MSG_SHUTDOWN  
